date: 2013-09-30 02:35:57.502
argv: node /root/.nvm/v0.10.18/bin/hexo generate
os: Linux 2.6.32-358.11.1.el6.x86_64 linux x64
version:
  hexo: 2.2.0
  http_parser: 1.0
  node: 0.10.18
  v8: 3.14.5.9
  ares: 1.9.0-DEV
  uv: 0.10.15
  zlib: 1.2.3
  modules: 11
  openssl: 1.0.1e
---

[error] 02:35:57.496 TypeError: Cannot call method 'load' of undefined
TypeError: Cannot call method 'load' of undefined
    at module.exports (/root/.nvm/v0.10.18/lib/node_modules/hexo/lib/plugins/console/generate/index.js:60:13)
    at /root/.nvm/v0.10.18/lib/node_modules/hexo/lib/core.js:118:9
    at b (domain.js:183:18)
    at Domain.run (domain.js:123:23)
    at Hexo.call (/root/.nvm/v0.10.18/lib/node_modules/hexo/lib/core.js:117:9)
    at /root/.nvm/v0.10.18/lib/node_modules/hexo/lib/init.js:263:10
    at /root/.nvm/v0.10.18/lib/node_modules/hexo/node_modules/async/lib/async.js:422:17
    at /root/.nvm/v0.10.18/lib/node_modules/hexo/node_modules/async/lib/async.js:416:17
    at Array.forEach (native)
    at _each (/root/.nvm/v0.10.18/lib/node_modules/hexo/node_modules/async/lib/async.js:32:24)
